Activating Environment
Resetting Output/Results Files
[2023-06-03 23:10:17,923][pipeline_transformers.utils][INFO] - Loading model from: /projects/assigned/2223_ling573_group6/573-SADTech/outputs/D4/models/primary/tam/fold0.model
[2023-06-03 23:11:55,067][pipeline_transformers.__main__][INFO] - Finished fold 0
[2023-06-03 23:11:55,073][pipeline_transformers.utils][INFO] - Loading model from: /projects/assigned/2223_ling573_group6/573-SADTech/outputs/D4/models/primary/tam/fold1.model
[2023-06-03 23:13:36,839][pipeline_transformers.__main__][INFO] - Finished fold 1
[2023-06-03 23:13:36,844][pipeline_transformers.utils][INFO] - Loading model from: /projects/assigned/2223_ling573_group6/573-SADTech/outputs/D4/models/primary/tam/fold2.model
[2023-06-03 23:15:10,101][pipeline_transformers.__main__][INFO] - Finished fold 2
[2023-06-03 23:15:10,106][pipeline_transformers.utils][INFO] - Loading model from: /projects/assigned/2223_ling573_group6/573-SADTech/outputs/D4/models/primary/tam/fold3.model
[2023-06-03 23:16:37,141][pipeline_transformers.__main__][INFO] - Finished fold 3
[2023-06-03 23:16:37,164][pipeline_transformers.__main__][INFO] - Crossvalidation: 
              precision    recall  f1-score   support

           0       0.29      0.50      0.36         4
           1       0.14      0.25      0.18         4
           2       0.18      0.33      0.24         6
           3       0.46      0.18      0.26        33
           4       0.19      0.43      0.26         7

    accuracy                           0.26        54
   macro avg       0.25      0.34      0.26        54
weighted avg       0.36      0.26      0.26        54

[2023-06-03 23:16:37,165][pipeline_transformers.utils][INFO] - Loading model from: /projects/assigned/2223_ling573_group6/573-SADTech/outputs/D4/models/primary/tam/full.model
[2023-06-03 23:17:43,863][pipeline_transformers.__main__][INFO] - Full model: 
              precision    recall  f1-score   support

           0       0.00      0.00      0.00         1
           1       0.00      0.00      0.00         1
           2       1.00      0.50      0.67         2
           3       0.80      0.80      0.80         5
           4       0.00      0.00      0.00         1

    accuracy                           0.50        10
   macro avg       0.36      0.26      0.29        10
weighted avg       0.60      0.50      0.53        10

[2023-06-03 23:17:54,345][pipeline_transformers.utils][INFO] - Loading model from: /projects/assigned/2223_ling573_group6/573-SADTech/outputs/D4/models/primary/mal/fold0.model
[2023-06-03 23:19:37,963][pipeline_transformers.__main__][INFO] - Finished fold 0
[2023-06-03 23:19:37,968][pipeline_transformers.utils][INFO] - Loading model from: /projects/assigned/2223_ling573_group6/573-SADTech/outputs/D4/models/primary/mal/fold1.model
[2023-06-03 23:21:22,967][pipeline_transformers.__main__][INFO] - Finished fold 1
[2023-06-03 23:21:22,972][pipeline_transformers.utils][INFO] - Loading model from: /projects/assigned/2223_ling573_group6/573-SADTech/outputs/D4/models/primary/mal/fold2.model
[2023-06-03 23:23:10,134][pipeline_transformers.__main__][INFO] - Finished fold 2
[2023-06-03 23:23:10,136][pipeline_transformers.utils][INFO] - Loading model from: /projects/assigned/2223_ling573_group6/573-SADTech/outputs/D4/models/primary/mal/fold3.model
[2023-06-03 23:24:52,636][pipeline_transformers.__main__][INFO] - Finished fold 3
[2023-06-03 23:24:52,646][pipeline_transformers.__main__][INFO] - Crossvalidation: 
              precision    recall  f1-score   support

           0       0.00      0.00      0.00         1
           1       0.24      0.50      0.32        10
           2       0.25      0.50      0.33         6
           3       0.68      0.36      0.47        36
           4       0.43      0.43      0.43         7

    accuracy                           0.40        60
   macro avg       0.32      0.36      0.31        60
weighted avg       0.53      0.40      0.42        60

[2023-06-03 23:24:52,647][pipeline_transformers.utils][INFO] - Loading model from: /projects/assigned/2223_ling573_group6/573-SADTech/outputs/D4/models/primary/mal/full.model
[2023-06-03 23:26:06,847][pipeline_transformers.__main__][INFO] - Full model: 
              precision    recall  f1-score   support

           0       0.00      0.00      0.00         1
           1       0.33      1.00      0.50         2
           2       0.50      0.50      0.50         2
           3       0.50      0.33      0.40         3
           4       0.00      0.00      0.00         2

    accuracy                           0.40        10
   macro avg       0.27      0.37      0.28        10
weighted avg       0.32      0.40      0.32        10

[2023-06-03 23:26:19,171][pipeline_transformers.utils][INFO] - Loading model from: /projects/assigned/2223_ling573_group6/573-SADTech/outputs/D4/models/adaptation/fold0.model
[2023-06-03 23:29:11,801][pipeline_transformers.__main__][INFO] - Finished fold 0
[2023-06-03 23:29:11,808][pipeline_transformers.utils][INFO] - Loading model from: /projects/assigned/2223_ling573_group6/573-SADTech/outputs/D4/models/adaptation/fold1.model
[2023-06-03 23:32:13,908][pipeline_transformers.__main__][INFO] - Finished fold 1
[2023-06-03 23:32:13,914][pipeline_transformers.utils][INFO] - Loading model from: /projects/assigned/2223_ling573_group6/573-SADTech/outputs/D4/models/adaptation/fold2.model
[2023-06-03 23:34:53,980][pipeline_transformers.__main__][INFO] - Finished fold 2
[2023-06-03 23:34:53,986][pipeline_transformers.utils][INFO] - Loading model from: /projects/assigned/2223_ling573_group6/573-SADTech/outputs/D4/models/adaptation/fold3.model
[2023-06-03 23:37:36,574][pipeline_transformers.__main__][INFO] - Finished fold 3
[2023-06-03 23:37:36,602][pipeline_transformers.__main__][INFO] - Crossvalidation: 
              precision    recall  f1-score   support

           0       0.00      0.00      0.00         5
           1       0.33      0.21      0.26        14
           2       0.22      0.17      0.19        12
           3       0.59      0.70      0.64        69
           4       0.07      0.07      0.07        14

    accuracy                           0.47       114
   macro avg       0.24      0.23      0.23       114
weighted avg       0.43      0.47      0.45       114

[2023-06-03 23:37:36,603][pipeline_transformers.utils][INFO] - Loading model from: /projects/assigned/2223_ling573_group6/573-SADTech/outputs/D4/models/adaptation/full.model
[2023-06-03 23:39:40,187][pipeline_transformers.__main__][INFO] - Full model: 
              precision    recall  f1-score   support

           0       0.00      0.00      0.00         2
           1       0.00      0.00      0.00         3
           2       0.00      0.00      0.00         4
           3       0.42      1.00      0.59         8
           4       0.00      0.00      0.00         3

    accuracy                           0.40        20
   macro avg       0.08      0.20      0.12        20
weighted avg       0.17      0.40      0.24        20

DONE
